********************************************************************************
DUPLICATOR-LITE PACKAGE-LOG: 22 June 2022 11:29
NOTICE: Do NOT post to public sites or forums 
********************************************************************************
VERSION:	1.4.6
WORDPRESS:	6.0
PHP INFO:	8.1.2 | SAPI: apache2handler
SERVER:		Apache/2.4.53 (Win64) OpenSSL/1.1.1n PHP/8.1.2 
PHP TIME LIMIT: (0) no time limit imposed 
PHP MAX MEMORY: 4294967296 (512M default) 
MEMORY STACK: 78MB

********************************************************************************
DATABASE:
********************************************************************************
BUILD MODE:   MYSQLDUMP
MYSQLTIMEOUT: 5000
MYSQLDUMP:    Is Supported
SQL CREATED: wordpress_reflection_backup_3beb17b40bd344462029_20220622112932_database.sql
SQL FILE SIZE: 15.18MB (15921591)
SQL FILE TIME: 2022-06-22 11:30:28
SQL RUNTIME: 35.52 sec.

********************************************************************************
ARCHIVE (ZIP):
********************************************************************************
ARCHIVE DIR:  C:/xampp/htdocs/wordpress
ARCHIVE FILE: wordpress_reflection_backup_3beb17b40bd344462029_20220622112932_archive.zip
FILTERS: *OFF*
DIRS:
	not set
FILES:
	not set
EXTS:  not set
----------------------------------------
COMPRESSING
SIZE:	0B
STATS:	Dirs 0 | Files 0
SQL ADDED: wordpress_reflection_backup_3beb17b40bd344462029_20220622112932_database.sql
ZipArchive Object
(
    [lastId] => 0
    [status] => 0
    [statusSys] => 0
    [numFiles] => 1
    [filename] => C:\xampp\htdocs\wordpress\wp-content\backups-dup-lite\tmp\wordpress_reflection_backup_3beb17b40bd344462029_20220622112932_archive.zip
    [comment] => 
)

FILE ADDED TO ZIP: 0
COMPRESSION RESULT: '1'
COMPRESSED SIZE: 1.02MB
ARCHIVE RUNTIME: 1.26 sec.
MEMORY STACK: 78MB
building installer
add_extra_files1
add_extra_files2
add_extra_files3
add_extra_files4
Doing archive file check
add_extra_files5
add_extra_files6
add_extra_files8
Successfully opened zip C:/xampp/htdocs/wordpress/wp-content/backups-dup-lite/tmp/wordpress_reflection_backup_3beb17b40bd344462029_20220622112932_archive.zip
Adding enhanced installer files to archive using ZipArchive
Installer files added to archive
Added to archive
After ziparchive close when adding installer

********************************************************************************
INTEGRITY CHECKS:
********************************************************************************
SQL FILE: 15.18MB
INSTALLER FILE: 64.6KB
ARCHIVE FILE: 2.01MB 
EXPECTED FILE/DIRECTORY COUNT: 0
ACTUAL FILE/DIRECTORY COUNT: 0
ARCHIVE CONSISTENCY TEST: Pass

********************************************************************************
RECORD ID:[2]
TOTAL PROCESS RUNTIME: 38.10 sec.
PEAK PHP MEMORY USED: 84MB
DONE PROCESSING => wordpress_reflection_backup 22 June 2022 11:30

********************************************************************************
DUPLICATOR-LITE PACKAGE-LOG: 22 June 2022 16:48
NOTICE: Do NOT post to public sites or forums 
********************************************************************************
VERSION:	1.4.6
WORDPRESS:	6.0
PHP INFO:	8.1.2 | SAPI: apache2handler
SERVER:		Apache/2.4.53 (Win64) OpenSSL/1.1.1n PHP/8.1.2 
PHP TIME LIMIT: (0) no time limit imposed 
PHP MAX MEMORY: 4294967296 (512M default) 
MEMORY STACK: 78MB
[PHP ERR][ISSUE] MSG:Return type of ActionScheduler_DateTime::setTimezone($timezone) should either be compatible with DateTime::setTimezone(DateTimeZone $timezone): DateTime, or the #[\ReturnTypeWillChange] attribute should be used to temporarily suppress the notice [CODE:8192|FILE:C:\xampp\htdocs\wordpress\wp-content\plugins\wpforms-lite\vendor\woocommerce\action-scheduler\classes\ActionScheduler_DateTime.php|LINE:60]
shutdown_action_hook, do_action('shutdown'), WP_Hook->do_action, WP_Hook->apply_filters, ActionScheduler_QueueRunner->maybe_dispatch_async_request, ActionScheduler_AsyncRequest_QueueRunner->maybe_dispatch, ActionScheduler_AsyncRequest_QueueRunner->allow, ActionScheduler_Store->has_pending_actions_due, as_get_datetime_object, ActionScheduler::autoload, include('/plugins/duplicator/classes/class.logging.php'), DUP_Handler::error, DUP_Handler::getMessage
[PHP ERR][ISSUE] MSG:Return type of ActionScheduler_DateTime::getOffset() should either be compatible with DateTime::getOffset(): int, or the #[\ReturnTypeWillChange] attribute should be used to temporarily suppress the notice [CODE:8192|FILE:C:\xampp\htdocs\wordpress\wp-content\plugins\wpforms-lite\vendor\woocommerce\action-scheduler\classes\ActionScheduler_DateTime.php|LINE:48]
shutdown_action_hook, do_action('shutdown'), WP_Hook->do_action, WP_Hook->apply_filters, ActionScheduler_QueueRunner->maybe_dispatch_async_request, ActionScheduler_AsyncRequest_QueueRunner->maybe_dispatch, ActionScheduler_AsyncRequest_QueueRunner->allow, ActionScheduler_Store->has_pending_actions_due, as_get_datetime_object, ActionScheduler::autoload, include('/plugins/duplicator/classes/class.logging.php'), DUP_Handler::error, DUP_Handler::getMessage
[PHP ERR][ISSUE] MSG:Return type of ActionScheduler_DateTime::getTimestamp() should either be compatible with DateTime::getTimestamp(): int, or the #[\ReturnTypeWillChange] attribute should be used to temporarily suppress the notice [CODE:8192|FILE:C:\xampp\htdocs\wordpress\wp-content\plugins\wpforms-lite\vendor\woocommerce\action-scheduler\classes\ActionScheduler_DateTime.php|LINE:27]
shutdown_action_hook, do_action('shutdown'), WP_Hook->do_action, WP_Hook->apply_filters, ActionScheduler_QueueRunner->maybe_dispatch_async_request, ActionScheduler_AsyncRequest_QueueRunner->maybe_dispatch, ActionScheduler_AsyncRequest_QueueRunner->allow, ActionScheduler_Store->has_pending_actions_due, as_get_datetime_object, ActionScheduler::autoload, include('/plugins/duplicator/classes/class.logging.php'), DUP_Handler::error, DUP_Handler::getMessage
[PHP ERR][ISSUE] MSG:DateTime::__construct(): Passing null to parameter #1 ($datetime) of type string is deprecated [CODE:8192|FILE:C:\xampp\htdocs\wordpress\wp-content\plugins\wpforms-lite\vendor\woocommerce\action-scheduler\functions.php|LINE:316]
shutdown_action_hook, do_action('shutdown'), WP_Hook->do_action, WP_Hook->apply_filters, ActionScheduler_QueueRunner->maybe_dispatch_async_request, ActionScheduler_AsyncRequest_QueueRunner->maybe_dispatch, ActionScheduler_AsyncRequest_QueueRunner->allow, ActionScheduler_Store->has_pending_actions_due, as_get_datetime_object, DateTime->__construct, DUP_Handler::error, DUP_Handler::getMessage
[PHP ERR][ISSUE] MSG:Return type of FS_Key_Value_Storage::count() should either be compatible with Countable::count(): int, or the #[\ReturnTypeWillChange] attribute should be used to temporarily suppress the notice [CODE:8192|FILE:C:\xampp\htdocs\wordpress\wp-content\plugins\unlimited-elements-for-elementor\provider\freemius\includes\managers\class-fs-key-value-storage.php|LINE:389]
DUP_Handler::shutdown, DUP_Handler::error, DUP_Handler::getMessage
